<?xml version="1.0" encoding="UTF-8"?>
<!-- Generated by org.testng.reporters.JUnitReportReporter -->
<testsuite hostname="PNP" name="com.shopcart.testcases.CartRulsePageTestCases" tests="1" failures="0" timestamp="25 May 2019 09:30:43 GMT" time="25.583" errors="0">
  <testcase name="AddNewCartRuleTest" time="25.583" classname="com.shopcart.testcases.CartRulsePageTestCases"/>
</testsuite> <!-- com.shopcart.testcases.CartRulsePageTestCases -->
