<?xml version="1.0" encoding="UTF-8"?>
<!-- Generated by org.testng.reporters.JUnitReportReporter -->
<testsuite hostname="PNP" name="com.shopcart.testcases.DashboardPagetestCases" tests="1" failures="0" timestamp="8 May 2019 12:33:12 GMT" time="18.827" errors="0">
  <testcase name="clickOnShipping_PreferencesLinkTest" time="18.827" classname="com.shopcart.testcases.DashboardPagetestCases"/>
</testsuite> <!-- com.shopcart.testcases.DashboardPagetestCases -->
