<?xml version="1.0" encoding="UTF-8"?>
<!-- Generated by org.testng.reporters.JUnitReportReporter -->
<testsuite hostname="PNP" name="com.shopcart.testcases.Shipping_CarriersPageTestCases" tests="1" failures="0" timestamp="8 May 2019 11:54:26 GMT" time="17.443" errors="0">
  <testcase name="verifyCarriersPageTitleTest" time="17.443" classname="com.shopcart.testcases.Shipping_CarriersPageTestCases"/>
</testsuite> <!-- com.shopcart.testcases.Shipping_CarriersPageTestCases -->
