<?xml version="1.0" encoding="UTF-8"?>
<!-- Generated by org.testng.reporters.JUnitReportReporter -->
<testsuite hostname="PNP" name="com.shopcart.testcases.Shipping_PreferencesPageTestCases" tests="1" failures="0" timestamp="8 May 2019 12:41:40 GMT" time="28.866" errors="0">
  <testcase name="clickOnPreferencesMenu" time="28.866" classname="com.shopcart.testcases.Shipping_PreferencesPageTestCases"/>
</testsuite> <!-- com.shopcart.testcases.Shipping_PreferencesPageTestCases -->
